OUTSM_M2000.root
OUTSM_M500_2000.root
OUTUnp_LU1500_du1p8_spin0-ggffON_M2000.root
OUTUnp_LU1500_du1p8_spin0-ggffON_M500_2000.root
OUTUnp_LU1500_du1p8_spin2-ggON_M2000.root
OUTUnp_LU1500_du1p8_spin2-ggON_M500_2000.root

oldroot:
OUTSM_M1000.root
OUTSM_M1500.root
OUTSM_M2000.root
OUTSM_M500_2000.root
OUTUnp_LU1500_du1p8_spin0-OFF_M2000.root
OUTUnp_LU1500_du1p8_spin0-OFF_M500_2000.root
OUTUnp_LU1500_du1p8_spin0-ggON_M2000.root
OUTUnp_LU1500_du1p8_spin0-ggON_M500_2000.root
OUTUnp_LU1500_du1p8_spin0-ggffON_M2000.root
OUTUnp_LU1500_du1p8_spin0-ggffON_M500_2000.root
OUTUnp_LU1500_du1p8_spin0_ggffONM1000.root
OUTUnp_LU1500_du1p8_spin0_ggffONM1500.root
OUTUnp_LU1500_du1p8_spin2-OFF_M2000.root
OUTUnp_LU1500_du1p8_spin2-OFF_M500_2000.root
OUTUnp_LU1500_du1p8_spin2-ggON_M2000.root
OUTUnp_LU1500_du1p8_spin2-ggON_M500_2000.root
OUTUnp_LU1500_du1p8_spin2-ggffON_M2000.root
OUTUnp_LU1500_du1p8_spin2-ggffON_M500_2000.root
